


ARM Macro Assembler    Page 1 


    1 00000000                 AREA             ArmExample,   CODE
    2 00000000                 ENTRY
    3 00000000 E3A01000        MOV              r1, #0
    4 00000004 E2811001 
                       LOOP    ADD              r1, r1, #1
    5 00000008 EAFFFFFD        B                LOOP
    6 0000000C                 END
Command Line: --debug --xref --apcs=interwork --depend="ARM Counting.d" -o"ARM 
Counting.o" -IC:\Keil\ARM\CMSIS\Include -IC:\Keil\ARM\INC\ARM --predefine="__EV
AL SETA 1" --list=ARM Counting.lst "ARM Counting.s"



ARM Macro Assembler    Page 1 Alphabetic symbol ordering
Relocatable symbols

ArmExample 00000000

Symbol: ArmExample
   Definitions
      At line 1 in file ARM
   Uses
      None
Comment: ArmExample unused
LOOP 00000004

Symbol: LOOP
   Definitions
      At line 4 in file ARM
   Uses
      At line 5 in file ARM
Comment: LOOP used once
2 symbols
326 symbols in table
