


ARM Macro Assembler    Page 1 


    1 00000000                 AREA             ARMSubrx, CODE, READWRITE
    2 00000000                 ENTRY
    3 00000000         
    4 00000000 E59FD058        LDR              r13, =STACKL + 36
    5 00000004         
    6 00000004 E3A01005        MOV              r1, #5
    7 00000008 E3A02003        MOV              r2, #3
    8 0000000C         
    9 0000000C EB000001        BL               MULT
   10 00000010         
   11 00000010 E2803001        ADD              r3, r0, #1
   12 00000014         
   13 00000014 EAFFFFFE 
                       STOP    B                STOP
   14 00000018         
   15 00000018 E82D4002 
                       MULT    STMED            r13!, {r1, r14}
   16 0000001C E3A00000        MOV              r0, #0
   17 00000020 E3510000        CMP              r1, #0
   18 00000024 0A000002        BEQ              MULTEND
   19 00000028         
   20 00000028 E0800002 
                       MULOOP  ADD              r0, r0, r2
   21 0000002C E2511001        SUBS             r1, r1, #1
   22 00000030 1AFFFFFC        BNE              MULOOP
   23 00000034         
   24 00000034 E9BD8002 
                       MULTEND LDMED            r13!, {r1, pc}
   25 00000038         
   26 00000038 00 00 00 
              00 00 00 
              00 00 00 
              00 00 00 
              00 00 00 
              00 00 00 
              00 00 00 
              00 00 00 
              00 00 00 
              00 00 00 
              00 00 00 
              00 00 00 
              00 00 00 
              00       STACKL  FILL             40
   27 00000060         
   28 00000060                 END
              00000024 
Command Line: --debug --xref --apcs=interwork --depend="ARM Signed Overflow.d" 
-o"ARM Signed Overflow.o" -IC:\Keil\ARM\CMSIS\Include -IC:\Keil\ARM\INC\ARM --p
redefine="__EVAL SETA 1" --list=ARM Signed Overflow.lst "ARM Signed Overflow.s"



ARM Macro Assembler    Page 1 Alphabetic symbol ordering
Relocatable symbols

ARMSubrx 00000000

Symbol: ARMSubrx
   Definitions
      At line 1 in file ARM
   Uses
      None
Comment: ARMSubrx unused
MULOOP 00000028

Symbol: MULOOP
   Definitions
      At line 20 in file ARM
   Uses
      At line 22 in file ARM
Comment: MULOOP used once
MULT 00000018

Symbol: MULT
   Definitions
      At line 15 in file ARM
   Uses
      At line 9 in file ARM
Comment: MULT used once
MULTEND 00000034

Symbol: MULTEND
   Definitions
      At line 24 in file ARM
   Uses
      At line 18 in file ARM
Comment: MULTEND used once
STACKL 00000038

Symbol: STACKL
   Definitions
      At line 26 in file ARM
   Uses
      At line 4 in file ARM
Comment: STACKL used once
STOP 00000014

Symbol: STOP
   Definitions
      At line 13 in file ARM
   Uses
      At line 13 in file ARM
Comment: STOP used once
6 symbols
332 symbols in table
