


ARM Macro Assembler    Page 1 


    1 00000000                 AREA             ArmExample, CODE
    2 00000000         ENTRY
    3 00000000 E3A01008        MOV              r1, #&8
    4 00000004 E3A02009        MOV              r2, #&9
    5 00000008 E1520001        CMP              r2, r1
    6 0000000C 4A000000        BMI              SWAP
    7 00000010 EA000003        B                STOP
    8 00000014         
    9 00000014 E1A03001 
                       SWAP    MOV              r3, r1
   10 00000018 E1A01002        MOV              r1, r2
   11 0000001C E1A02003        MOV              r2, r3
   12 00000020 EAFFFFFF        B                STOP
   13 00000024         
   14 00000024 EAFFFFFE 
                       STOP    B                STOP
   15 00000028         
   16 00000028                 END
Command Line: --debug --xref --apcs=interwork --depend="ARM Ordered Pair.d" -o"
ARM Ordered Pair.o" -IC:\Keil\ARM\CMSIS\Include -IC:\Keil\ARM\INC\ARM --predefi
ne="__EVAL SETA 1" --list=ARM Ordered Pair.lst "ARM Ordered Pair.s"



ARM Macro Assembler    Page 1 Alphabetic symbol ordering
Relocatable symbols

ArmExample 00000000

Symbol: ArmExample
   Definitions
      At line 1 in file ARM
   Uses
      None
Comment: ArmExample unused
ENTRY 00000000

Symbol: ENTRY
   Definitions
      At line 2 in file ARM
   Uses
      None
Comment: ENTRY unused
STOP 00000024

Symbol: STOP
   Definitions
      At line 14 in file ARM
   Uses
      At line 7 in file ARM
      At line 12 in file ARM
      At line 14 in file ARM

SWAP 00000014

Symbol: SWAP
   Definitions
      At line 9 in file ARM
   Uses
      At line 6 in file ARM
Comment: SWAP used once
4 symbols
328 symbols in table
